https://youtube.com/watch?v=3gUE_P9T-Wk
https://youtube.com/watch?v=4YUtnod-YuE
https://youtube.com/watch?v=5I9dH5im24U
https://youtube.com/watch?v=5mNTvtjDnP8
https://youtube.com/watch?v=8wYvKeSK1IY
https://youtube.com/watch?v=E1P79uFLCMc
https://youtube.com/watch?v=E4rbS0oxg30
https://youtube.com/watch?v=EKKe7DBZVhI
https://youtube.com/watch?v=LRmwUsxNSL0
https://youtube.com/watch?v=MS7x2hDEhrw
https://youtube.com/watch?v=N06Jy-gQog8
https://youtube.com/watch?v=NMZ5kJEviD0
https://youtube.com/watch?v=NqR_dtZu4Mo
https://youtube.com/watch?v=T5DGZIsfK-0
https://youtube.com/watch?v=VbNXh0GaLYo
https://youtube.com/watch?v=YYEgq1bweN4
https://youtube.com/watch?v=frE1rjhH77Y
https://youtube.com/watch?v=iLFcSfzrlMk
https://youtube.com/watch?v=iU58AIjh3YA
https://youtube.com/watch?v=jN03g05TSWM
https://youtube.com/watch?v=mwUyaeWxJhA
https://youtube.com/watch?v=nYFuxTXDj90
https://youtube.com/watch?v=r1ywppAJ1xs
https://youtube.com/watch?v=xL9ejqb53ms
https://youtube.com/watch?v=xM8szz4VB28